# JRE version: Java(TM) SE Runtime Environment (8.0_211-b12) (build 1.8.0_211-b12)
# Java VM: Java HotSpot(TM) 64-Bit Server VM (25.211-b12 mixed mode windows-amd64 compressed oops)
Heap:
 PSYoungGen      total 194560K, used 104576K [0x00000000eab00000, 0x00000000f8280000, 0x0000000100000000)
  eden space 181248K, 50% used [0x00000000eab00000,0x00000000f0420638,0x00000000f5c00000)
  from space 13312K, 99% used [0x00000000f6b80000,0x00000000f787f9f0,0x00000000f7880000)
  to   space 15872K, 0% used [0x00000000f5c00000,0x00000000f5c00000,0x00000000f6b80000)
 ParOldGen       total 55808K, used 17388K [0x00000000c0000000, 0x00000000c3680000, 0x00000000eab00000)
  object space 55808K, 31% used [0x00000000c0000000,0x00000000c10fb3a0,0x00000000c3680000)
 Metaspace       used 51641K, capacity 53318K, committed 53552K, reserved 1095680K
  class space    used 7212K, capacity 7622K, committed 7728K, reserved 1048576K
GC Heap History (10 events):
Event: 76.810 GC heap before
{Heap before GC invocations=8 (full 1):
 PSYoungGen      total 92160K, used 83456K [0x00000000eab00000, 0x00000000f0f00000, 0x0000000100000000)
  eden space 83456K, 100% used [0x00000000eab00000,0x00000000efc80000,0x00000000efc80000)
  from space 8704K, 0% used [0x00000000f0580000,0x00000000f0580000,0x00000000f0e00000)
  to   space 9216K, 0% used [0x00000000efc80000,0x00000000efc80000,0x00000000f0580000)
 ParOldGen       total 40960K, used 8447K [0x00000000c0000000, 0x00000000c2800000, 0x00000000eab00000)
  object space 40960K, 20% used [0x00000000c0000000,0x00000000c083fca8,0x00000000c2800000)
 Metaspace       used 27525K, capacity 27964K, committed 28208K, reserved 1073152K
  class space    used 3913K, capacity 4089K, committed 4144K, reserved 1048576K
Event: 76.838 GC heap after
Heap after GC invocations=8 (full 1):
 PSYoungGen      total 92672K, used 9108K [0x00000000eab00000, 0x00000000f4600000, 0x0000000100000000)
  eden space 83456K, 0% used [0x00000000eab00000,0x00000000eab00000,0x00000000efc80000)
  from space 9216K, 98% used [0x00000000efc80000,0x00000000f0565320,0x00000000f0580000)
  to   space 10240K, 0% used [0x00000000f3c00000,0x00000000f3c00000,0x00000000f4600000)
 ParOldGen       total 40960K, used 8455K [0x00000000c0000000, 0x00000000c2800000, 0x00000000eab00000)
  object space 40960K, 20% used [0x00000000c0000000,0x00000000c0841ca8,0x00000000c2800000)
 Metaspace       used 27525K, capacity 27964K, committed 28208K, reserved 1073152K
  class space    used 3913K, capacity 4089K, committed 4144K, reserved 1048576K
}
Event: 195.769 GC heap before
{Heap before GC invocations=9 (full 1):
 PSYoungGen      total 92672K, used 92564K [0x00000000eab00000, 0x00000000f4600000, 0x0000000100000000)
  eden space 83456K, 100% used [0x00000000eab00000,0x00000000efc80000,0x00000000efc80000)
  from space 9216K, 98% used [0x00000000efc80000,0x00000000f0565320,0x00000000f0580000)
  to   space 10240K, 0% used [0x00000000f3c00000,0x00000000f3c00000,0x00000000f4600000)
 ParOldGen       total 40960K, used 8455K [0x00000000c0000000, 0x00000000c2800000, 0x00000000eab00000)
  object space 40960K, 20% used [0x00000000c0000000,0x00000000c0841ca8,0x00000000c2800000)
 Metaspace       used 34235K, capacity 34934K, committed 35120K, reserved 1079296K
  class space    used 4833K, capacity 5073K, committed 5168K, reserved 1048576K
Event: 195.795 GC heap after
Heap after GC invocations=9 (full 1):
 PSYoungGen      total 142848K, used 10217K [0x00000000eab00000, 0x00000000f4680000, 0x0000000100000000)
  eden space 132608K, 0% used [0x00000000eab00000,0x00000000eab00000,0x00000000f2c80000)
  from space 10240K, 99% used [0x00000000f3c00000,0x00000000f45fa400,0x00000000f4600000)
  to   space 13312K, 0% used [0x00000000f2c80000,0x00000000f2c80000,0x00000000f3980000)
 ParOldGen       total 40960K, used 11504K [0x00000000c0000000, 0x00000000c2800000, 0x00000000eab00000)
  object space 40960K, 28% used [0x00000000c0000000,0x00000000c0b3c0b0,0x00000000c2800000)
 Metaspace       used 34235K, capacity 34934K, committed 35120K, reserved 1079296K
  class space    used 4833K, capacity 5073K, committed 5168K, reserved 1048576K
}
Event: 196.821 GC heap before
{Heap before GC invocations=10 (full 1):
 PSYoungGen      total 142848K, used 14873K [0x00000000eab00000, 0x00000000f4680000, 0x0000000100000000)
  eden space 132608K, 3% used [0x00000000eab00000,0x00000000eaf8c1f8,0x00000000f2c80000)
  from space 10240K, 99% used [0x00000000f3c00000,0x00000000f45fa400,0x00000000f4600000)
  to   space 13312K, 0% used [0x00000000f2c80000,0x00000000f2c80000,0x00000000f3980000)
 ParOldGen       total 40960K, used 11504K [0x00000000c0000000, 0x00000000c2800000, 0x00000000eab00000)
  object space 40960K, 28% used [0x00000000c0000000,0x00000000c0b3c0b0,0x00000000c2800000)
 Metaspace       used 34741K, capacity 35382K, committed 35496K, reserved 1079296K
  class space    used 4899K, capacity 5137K, committed 5168K, reserved 1048576K
Event: 196.839 GC heap after
Heap after GC invocations=10 (full 1):
 PSYoungGen      total 145920K, used 9156K [0x00000000eab00000, 0x00000000f7880000, 0x0000000100000000)
  eden space 132608K, 0% used [0x00000000eab00000,0x00000000eab00000,0x00000000f2c80000)
  from space 13312K, 68% used [0x00000000f2c80000,0x00000000f35710c8,0x00000000f3980000)
  to   space 13312K, 0% used [0x00000000f6b80000,0x00000000f6b80000,0x00000000f7880000)
 ParOldGen       total 40960K, used 11512K [0x00000000c0000000, 0x00000000c2800000, 0x00000000eab00000)
  object space 40960K, 28% used [0x00000000c0000000,0x00000000c0b3e0b0,0x00000000c2800000)
 Metaspace       used 34741K, capacity 35382K, committed 35496K, reserved 1079296K
  class space    used 4899K, capacity 5137K, committed 5168K, reserved 1048576K
}
Event: 196.839 GC heap before
{Heap before GC invocations=11 (full 2):
 PSYoungGen      total 145920K, used 9156K [0x00000000eab00000, 0x00000000f7880000, 0x0000000100000000)
  eden space 132608K, 0% used [0x00000000eab00000,0x00000000eab00000,0x00000000f2c80000)
  from space 13312K, 68% used [0x00000000f2c80000,0x00000000f35710c8,0x00000000f3980000)
  to   space 13312K, 0% used [0x00000000f6b80000,0x00000000f6b80000,0x00000000f7880000)
 ParOldGen       total 40960K, used 11512K [0x00000000c0000000, 0x00000000c2800000, 0x00000000eab00000)
  object space 40960K, 28% used [0x00000000c0000000,0x00000000c0b3e0b0,0x00000000c2800000)
 Metaspace       used 34741K, capacity 35382K, committed 35496K, reserved 1079296K
  class space    used 4899K, capacity 5137K, committed 5168K, reserved 1048576K
Event: 196.970 GC heap after
Heap after GC invocations=11 (full 2):
 PSYoungGen      total 145920K, used 0K [0x00000000eab00000, 0x00000000f7880000, 0x0000000100000000)
  eden space 132608K, 0% used [0x00000000eab00000,0x00000000eab00000,0x00000000f2c80000)
  from space 13312K, 0% used [0x00000000f2c80000,0x00000000f2c80000,0x00000000f3980000)
  to   space 13312K, 0% used [0x00000000f6b80000,0x00000000f6b80000,0x00000000f7880000)
 ParOldGen       total 55808K, used 16040K [0x00000000c0000000, 0x00000000c3680000, 0x00000000eab00000)
  object space 55808K, 28% used [0x00000000c0000000,0x00000000c0faa0e0,0x00000000c3680000)
 Metaspace       used 34741K, capacity 35382K, committed 35496K, reserved 1079296K
  class space    used 4899K, capacity 5137K, committed 5168K, reserved 1048576K
}
Event: 244.372 GC heap before
{Heap before GC invocations=12 (full 2):
 PSYoungGen      total 145920K, used 132608K [0x00000000eab00000, 0x00000000f7880000, 0x0000000100000000)
  eden space 132608K, 100% used [0x00000000eab00000,0x00000000f2c80000,0x00000000f2c80000)
  from space 13312K, 0% used [0x00000000f2c80000,0x00000000f2c80000,0x00000000f3980000)
  to   space 13312K, 0% used [0x00000000f6b80000,0x00000000f6b80000,0x00000000f7880000)
 ParOldGen       total 55808K, used 16040K [0x00000000c0000000, 0x00000000c3680000, 0x00000000eab00000)
  object space 55808K, 28% used [0x00000000c0000000,0x00000000c0faa0e0,0x00000000c3680000)
 Metaspace       used 46272K, capacity 47340K, committed 47536K, reserved 1089536K
  class space    used 6422K, capacity 6781K, committed 6832K, reserved 1048576K
Event: 244.417 GC heap after
Heap after GC invocations=12 (full 2):
 PSYoungGen      total 194560K, used 13310K [0x00000000eab00000, 0x00000000f8280000, 0x0000000100000000)
  eden space 181248K, 0% used [0x00000000eab00000,0x00000000eab00000,0x00000000f5c00000)
  from space 13312K, 99% used [0x00000000f6b80000,0x00000000f787f9f0,0x00000000f7880000)
  to   space 15872K, 0% used [0x00000000f5c00000,0x00000000f5c00000,0x00000000f6b80000)
 ParOldGen       total 55808K, used 17388K [0x00000000c0000000, 0x00000000c3680000, 0x00000000eab00000)
  object space 55808K, 31% used [0x00000000c0000000,0x00000000c10fb3a0,0x00000000c3680000)
 Metaspace       used 46272K, capacity 47340K, committed 47536K, reserved 1089536K
  class space    used 6422K, capacity 6781K, committed 6832K, reserved 1048576K
}

