# JRE version: Java(TM) SE Runtime Environment (8.0_211-b12) (build 1.8.0_211-b12)
# Java VM: Java HotSpot(TM) 64-Bit Server VM (25.211-b12 mixed mode windows-amd64 compressed oops)
Heap:
 PSYoungGen      total 41472K, used 14350K [0x00000000eab00000, 0x00000000eeb80000, 0x0000000100000000)
  eden space 32256K, 44% used [0x00000000eab00000,0x00000000eb9039f8,0x00000000eca80000)
  from space 9216K, 0% used [0x00000000ed500000,0x00000000ed500000,0x00000000ede00000)
  to   space 10752K, 0% used [0x00000000eca80000,0x00000000eca80000,0x00000000ed500000)
 ParOldGen       total 65536K, used 17499K [0x00000000c0000000, 0x00000000c4000000, 0x00000000eab00000)
  object space 65536K, 26% used [0x00000000c0000000,0x00000000c1116d40,0x00000000c4000000)
 Metaspace       used 36657K, capacity 37386K, committed 37680K, reserved 1081344K
  class space    used 5119K, capacity 5377K, committed 5424K, reserved 1048576K
GC Heap History (10 events):
Event: 26.129 GC heap before
{Heap before GC invocations=12 (full 1):
 PSYoungGen      total 33280K, used 30844K [0x00000000eab00000, 0x00000000ed300000, 0x0000000100000000)
  eden space 26624K, 100% used [0x00000000eab00000,0x00000000ec500000,0x00000000ec500000)
  from space 6656K, 63% used [0x00000000ecc80000,0x00000000ed09f0d0,0x00000000ed300000)
  to   space 7168K, 0% used [0x00000000ec500000,0x00000000ec500000,0x00000000ecc00000)
 ParOldGen       total 44032K, used 8557K [0x00000000c0000000, 0x00000000c2b00000, 0x00000000eab00000)
  object space 44032K, 19% used [0x00000000c0000000,0x00000000c085b6b0,0x00000000c2b00000)
 Metaspace       used 27822K, capacity 28252K, committed 28464K, reserved 1073152K
  class space    used 3960K, capacity 4121K, committed 4144K, reserved 1048576K
Event: 26.142 GC heap after
Heap after GC invocations=12 (full 1):
 PSYoungGen      total 33792K, used 5602K [0x00000000eab00000, 0x00000000edc80000, 0x0000000100000000)
  eden space 26624K, 0% used [0x00000000eab00000,0x00000000eab00000,0x00000000ec500000)
  from space 7168K, 78% used [0x00000000ec500000,0x00000000eca788e0,0x00000000ecc00000)
  to   space 7680K, 0% used [0x00000000ed500000,0x00000000ed500000,0x00000000edc80000)
 ParOldGen       total 44032K, used 8557K [0x00000000c0000000, 0x00000000c2b00000, 0x00000000eab00000)
  object space 44032K, 19% used [0x00000000c0000000,0x00000000c085b6b0,0x00000000c2b00000)
 Metaspace       used 27822K, capacity 28252K, committed 28464K, reserved 1073152K
  class space    used 3960K, capacity 4121K, committed 4144K, reserved 1048576K
}
Event: 31.560 GC heap before
{Heap before GC invocations=13 (full 1):
 PSYoungGen      total 33792K, used 32226K [0x00000000eab00000, 0x00000000edc80000, 0x0000000100000000)
  eden space 26624K, 100% used [0x00000000eab00000,0x00000000ec500000,0x00000000ec500000)
  from space 7168K, 78% used [0x00000000ec500000,0x00000000eca788e0,0x00000000ecc00000)
  to   space 7680K, 0% used [0x00000000ed500000,0x00000000ed500000,0x00000000edc80000)
 ParOldGen       total 44032K, used 8557K [0x00000000c0000000, 0x00000000c2b00000, 0x00000000eab00000)
  object space 44032K, 19% used [0x00000000c0000000,0x00000000c085b6b0,0x00000000c2b00000)
 Metaspace       used 29224K, capacity 29672K, committed 30000K, reserved 1075200K
  class space    used 4160K, capacity 4315K, committed 4400K, reserved 1048576K
Event: 31.572 GC heap after
Heap after GC invocations=13 (full 1):
 PSYoungGen      total 41984K, used 6445K [0x00000000eab00000, 0x00000000edc80000, 0x0000000100000000)
  eden space 34304K, 0% used [0x00000000eab00000,0x00000000eab00000,0x00000000ecc80000)
  from space 7680K, 83% used [0x00000000ed500000,0x00000000edb4b680,0x00000000edc80000)
  to   space 8192K, 0% used [0x00000000ecc80000,0x00000000ecc80000,0x00000000ed480000)
 ParOldGen       total 44032K, used 8565K [0x00000000c0000000, 0x00000000c2b00000, 0x00000000eab00000)
  object space 44032K, 19% used [0x00000000c0000000,0x00000000c085d6b0,0x00000000c2b00000)
 Metaspace       used 29224K, capacity 29672K, committed 30000K, reserved 1075200K
  class space    used 4160K, capacity 4315K, committed 4400K, reserved 1048576K
}
Event: 84.693 GC heap before
{Heap before GC invocations=14 (full 1):
 PSYoungGen      total 41984K, used 40749K [0x00000000eab00000, 0x00000000edc80000, 0x0000000100000000)
  eden space 34304K, 100% used [0x00000000eab00000,0x00000000ecc80000,0x00000000ecc80000)
  from space 7680K, 83% used [0x00000000ed500000,0x00000000edb4b680,0x00000000edc80000)
  to   space 8192K, 0% used [0x00000000ecc80000,0x00000000ecc80000,0x00000000ed480000)
 ParOldGen       total 44032K, used 8565K [0x00000000c0000000, 0x00000000c2b00000, 0x00000000eab00000)
  object space 44032K, 19% used [0x00000000c0000000,0x00000000c085d6b0,0x00000000c2b00000)
 Metaspace       used 30914K, capacity 31550K, committed 31792K, reserved 1077248K
  class space    used 4380K, capacity 4598K, committed 4656K, reserved 1048576K
Event: 84.710 GC heap after
Heap after GC invocations=14 (full 1):
 PSYoungGen      total 41984K, used 8171K [0x00000000eab00000, 0x00000000ede00000, 0x0000000100000000)
  eden space 33792K, 0% used [0x00000000eab00000,0x00000000eab00000,0x00000000ecc00000)
  from space 8192K, 99% used [0x00000000ecc80000,0x00000000ed47af30,0x00000000ed480000)
  to   space 9216K, 0% used [0x00000000ed500000,0x00000000ed500000,0x00000000ede00000)
 ParOldGen       total 44032K, used 9532K [0x00000000c0000000, 0x00000000c2b00000, 0x00000000eab00000)
  object space 44032K, 21% used [0x00000000c0000000,0x00000000c094f178,0x00000000c2b00000)
 Metaspace       used 30914K, capacity 31550K, committed 31792K, reserved 1077248K
  class space    used 4380K, capacity 4598K, committed 4656K, reserved 1048576K
}
Event: 87.248 GC heap before
{Heap before GC invocations=15 (full 1):
 PSYoungGen      total 41984K, used 28619K [0x00000000eab00000, 0x00000000ede00000, 0x0000000100000000)
  eden space 33792K, 60% used [0x00000000eab00000,0x00000000ebef7d98,0x00000000ecc00000)
  from space 8192K, 99% used [0x00000000ecc80000,0x00000000ed47af30,0x00000000ed480000)
  to   space 9216K, 0% used [0x00000000ed500000,0x00000000ed500000,0x00000000ede00000)
 ParOldGen       total 44032K, used 9532K [0x00000000c0000000, 0x00000000c2b00000, 0x00000000eab00000)
  object space 44032K, 21% used [0x00000000c0000000,0x00000000c094f178,0x00000000c2b00000)
 Metaspace       used 34712K, capacity 35382K, committed 35496K, reserved 1079296K
  class space    used 4895K, capacity 5137K, committed 5168K, reserved 1048576K
Event: 87.281 GC heap after
Heap after GC invocations=15 (full 1):
 PSYoungGen      total 41472K, used 9213K [0x00000000eab00000, 0x00000000eeb80000, 0x0000000100000000)
  eden space 32256K, 0% used [0x00000000eab00000,0x00000000eab00000,0x00000000eca80000)
  from space 9216K, 99% used [0x00000000ed500000,0x00000000eddff4f0,0x00000000ede00000)
  to   space 10752K, 0% used [0x00000000eca80000,0x00000000eca80000,0x00000000ed500000)
 ParOldGen       total 44032K, used 10976K [0x00000000c0000000, 0x00000000c2b00000, 0x00000000eab00000)
  object space 44032K, 24% used [0x00000000c0000000,0x00000000c0ab80f0,0x00000000c2b00000)
 Metaspace       used 34712K, capacity 35382K, committed 35496K, reserved 1079296K
  class space    used 4895K, capacity 5137K, committed 5168K, reserved 1048576K
}
Event: 87.281 GC heap before
{Heap before GC invocations=16 (full 2):
 PSYoungGen      total 41472K, used 9213K [0x00000000eab00000, 0x00000000eeb80000, 0x0000000100000000)
  eden space 32256K, 0% used [0x00000000eab00000,0x00000000eab00000,0x00000000eca80000)
  from space 9216K, 99% used [0x00000000ed500000,0x00000000eddff4f0,0x00000000ede00000)
  to   space 10752K, 0% used [0x00000000eca80000,0x00000000eca80000,0x00000000ed500000)
 ParOldGen       total 44032K, used 10976K [0x00000000c0000000, 0x00000000c2b00000, 0x00000000eab00000)
  object space 44032K, 24% used [0x00000000c0000000,0x00000000c0ab80f0,0x00000000c2b00000)
 Metaspace       used 34712K, capacity 35382K, committed 35496K, reserved 1079296K
  class space    used 4895K, capacity 5137K, committed 5168K, reserved 1048576K
Event: 87.412 GC heap after
Heap after GC invocations=16 (full 2):
 PSYoungGen      total 41472K, used 0K [0x00000000eab00000, 0x00000000eeb80000, 0x0000000100000000)
  eden space 32256K, 0% used [0x00000000eab00000,0x00000000eab00000,0x00000000eca80000)
  from space 9216K, 0% used [0x00000000ed500000,0x00000000ed500000,0x00000000ede00000)
  to   space 10752K, 0% used [0x00000000eca80000,0x00000000eca80000,0x00000000ed500000)
 ParOldGen       total 65536K, used 17499K [0x00000000c0000000, 0x00000000c4000000, 0x00000000eab00000)
  object space 65536K, 26% used [0x00000000c0000000,0x00000000c1116d40,0x00000000c4000000)
 Metaspace       used 34712K, capacity 35382K, committed 35496K, reserved 1079296K
  class space    used 4895K, capacity 5137K, committed 5168K, reserved 1048576K
}

